2025-03-31 10:52:14,172 - INFO - Setting up Python environment...
2025-03-31 10:52:14,857 - INFO - Warning: Running without administrator privileges. Some operations may fail.
2025-03-31 10:52:19,091 - INFO - Upgrading pip...
2025-03-31 10:52:19,102 - INFO - Upgrading pip...
2025-03-31 10:52:20,975 - INFO - Pip upgrade completed successfully
2025-03-31 10:52:20,977 - INFO - Installing requirements...
2025-03-31 10:52:22,620 - INFO - Requirements installation completed successfully
2025-03-31 10:52:22,642 - INFO - Setup completed successfully!
2025-03-31 10:52:24,176 - INFO - Installing requirements...
2025-03-31 10:52:26,128 - INFO - Requirements installed successfully
2025-03-31 10:52:26,134 - INFO - Executing python_setup.py...
2025-03-31 10:52:31,394 - INFO - Warning: Running without administrator privileges. Some operations may fail.
2025-03-31 10:52:33,270 - INFO - Upgrading pip...
2025-03-31 10:52:33,276 - INFO - Upgrading pip...
2025-03-31 10:52:35,074 - INFO - Pip upgrade completed successfully
2025-03-31 10:52:35,074 - INFO - Installing requirements...
2025-03-31 10:52:36,736 - INFO - Requirements installation completed successfully
2025-03-31 10:52:36,738 - INFO - Setup completed successfully!
2025-03-31 10:54:18,751 - INFO - Successfully executed python_setup.py
2025-03-31 10:54:18,755 - INFO - Error executing python_setup.py: invalid command name ".!frame.!text"
2025-03-31 10:54:18,756 - INFO - Error during process: invalid command name ".!frame.!text"
2025-03-31 10:56:01,856 - INFO - Setting up Python environment...
2025-03-31 10:58:09,360 - INFO - Error setting up Python environment: Command '['C:\\Python312\\python.exe', 'python_setup.py']' returned non-zero exit status 3221225786.
2025-03-31 11:01:32,541 - INFO - Setting up Python environment...
2025-03-31 11:01:55,270 - INFO - Installing requirements...
2025-03-31 11:01:56,919 - INFO - Requirements installed successfully
2025-03-31 11:01:56,919 - INFO - Executing python_setup.py...
2025-03-31 11:02:12,005 - INFO - Successfully executed python_setup.py
2025-03-31 11:02:12,005 - INFO - Executing pdf_merger.py...
2025-03-31 11:02:18,268 - INFO - Successfully executed pdf_merger.py
2025-03-31 11:02:18,268 - INFO - All processes completed successfully!
2025-03-31 11:02:25,843 - INFO - Setting up Python environment...
2025-03-31 11:02:47,058 - INFO - Installing requirements...
2025-03-31 11:02:48,705 - INFO - Requirements installed successfully
2025-03-31 11:02:48,705 - INFO - Executing python_setup.py...
2025-03-31 11:03:00,528 - INFO - Successfully executed python_setup.py
2025-03-31 11:03:00,528 - INFO - Executing pdf_merger.py...
2025-03-31 11:03:31,396 - INFO - Successfully executed pdf_merger.py
2025-03-31 11:03:31,397 - INFO - All processes completed successfully!
2025-03-31 11:03:39,860 - INFO - Setting up Python environment...
2025-03-31 11:03:57,991 - INFO - Installing requirements...
2025-03-31 11:03:59,624 - INFO - Requirements installed successfully
2025-03-31 11:03:59,624 - INFO - Executing python_setup.py...
2025-03-31 11:05:59,189 - INFO - Setting up Python environment...
2025-03-31 11:06:10,562 - INFO - Executing pdf_merger.py...
2025-03-31 11:09:19,454 - INFO - Setting up Python environment...
2025-03-31 11:09:30,011 - INFO - Executing pdf_merger.py...
2025-03-31 11:09:33,339 - INFO - Successfully executed pdf_merger.py
2025-03-31 11:09:33,355 - INFO - All processes completed successfully!
2025-03-31 11:10:20,654 - INFO - Setting up Python environment...
2025-03-31 11:10:31,177 - INFO - Executing pdf_merger.py...
2025-03-31 11:10:34,069 - INFO - Successfully executed pdf_merger.py
2025-03-31 11:10:34,069 - INFO - All processes completed successfully!
2025-03-31 11:12:19,373 - INFO - Setting up Python environment...
2025-03-31 11:14:01,388 - INFO - Setting up Python environment...
2025-03-31 11:14:13,993 - INFO - Executing pdf_merger.py...
2025-03-31 11:14:40,115 - INFO - Successfully executed pdf_merger.py
2025-03-31 11:14:40,117 - INFO - All processes completed successfully!
2025-03-31 11:16:46,474 - INFO - Setting up Python environment...
2025-03-31 11:17:00,391 - INFO - Executing pdf_merger.py...
2025-03-31 11:17:36,451 - INFO - Successfully executed pdf_merger.py
2025-03-31 11:17:36,451 - INFO - All processes completed successfully!
2025-03-31 11:28:49,903 - INFO - Setting up Python environment...
2025-03-31 11:30:19,718 - INFO - Executing pdf_merger.py...
2025-03-31 11:30:34,048 - INFO - Successfully executed pdf_merger.py
2025-03-31 11:30:34,048 - INFO - All processes completed successfully!
2025-03-31 11:31:14,932 - INFO - Setting up Python environment...
2025-03-31 11:31:30,568 - INFO - Executing pdf_merger.py...
2025-03-31 11:31:40,525 - INFO - Successfully executed pdf_merger.py
2025-03-31 11:31:40,525 - INFO - All processes completed successfully!
2025-03-31 11:34:45,586 - INFO - Setting up Python environment...
2025-03-31 11:34:57,771 - INFO - Executing pdf_merger.py...
2025-03-31 11:35:02,328 - INFO - Successfully executed pdf_merger.py
2025-03-31 11:35:02,328 - INFO - All processes completed successfully!
2025-03-31 11:38:24,832 - INFO - Setting up Python environment...
2025-03-31 11:38:35,320 - INFO - Executing pdf_merger.py...
2025-03-31 11:39:18,915 - INFO - Successfully executed pdf_merger.py
2025-03-31 11:39:18,915 - INFO - All processes completed successfully!
