2025-03-31 10:32:33,948 - INFO - Upgrading pip...
2025-03-31 10:32:33,950 - INFO - Upgrading pip...
2025-03-31 10:32:36,608 - INFO - Error upgrading pip: Command '['C:\\Python312\\python.exe', '-m', 'pip', 'install', '--upgrade', 'pip']' returned non-zero exit status 1.
2025-03-31 10:32:36,613 - INFO - Error during setup: Command '['C:\\Python312\\python.exe', '-m', 'pip', 'install', '--upgrade', 'pip']' returned non-zero exit status 1.
2025-03-31 10:33:51,332 - INFO - Warning: Running without administrator privileges. Some operations may fail.
2025-03-31 10:33:56,456 - INFO - Upgrading pip...
2025-03-31 10:33:56,458 - INFO - Upgrading pip...
2025-03-31 10:34:01,300 - INFO - Pip upgrade completed successfully
2025-03-31 10:34:01,304 - INFO - Installing requirements...
2025-03-31 10:34:06,485 - INFO - Requirements installation completed successfully
2025-03-31 10:34:06,498 - INFO - Setup completed successfully!
2025-03-31 10:34:10,251 - INFO - Warning: Running without administrator privileges. Some operations may fail.
2025-03-31 10:34:12,754 - INFO - Upgrading pip...
2025-03-31 10:34:12,765 - INFO - Upgrading pip...
2025-03-31 10:34:14,727 - INFO - Pip upgrade completed successfully
2025-03-31 10:34:14,727 - INFO - Installing requirements...
2025-03-31 10:34:16,426 - INFO - Requirements installation completed successfully
2025-03-31 10:34:16,426 - INFO - Setup completed successfully!
2025-03-31 10:34:20,656 - INFO - Warning: Running without administrator privileges. Some operations may fail.
2025-03-31 10:34:23,636 - INFO - Upgrading pip...
2025-03-31 10:34:23,650 - INFO - Upgrading pip...
2025-03-31 10:34:25,500 - INFO - Pip upgrade completed successfully
2025-03-31 10:34:25,500 - INFO - Installing requirements...
2025-03-31 10:34:27,266 - INFO - Requirements installation completed successfully
2025-03-31 10:34:27,266 - INFO - Setup completed successfully!
2025-03-31 10:57:09,236 - INFO - Warning: Running without administrator privileges. Some operations may fail.
2025-03-31 10:57:13,375 - INFO - Upgrading pip...
2025-03-31 10:57:13,381 - INFO - Upgrading pip...
2025-03-31 10:57:15,156 - INFO - Pip upgrade completed successfully
2025-03-31 10:57:15,158 - INFO - Installing requirements...
2025-03-31 10:57:16,810 - INFO - Requirements installation completed successfully
2025-03-31 10:57:16,811 - INFO - Setup completed successfully!
2025-03-31 11:01:46,196 - INFO - Warning: Running without administrator privileges. Some operations may fail.
2025-03-31 11:01:48,676 - INFO - Upgrading pip...
2025-03-31 11:01:48,694 - INFO - Upgrading pip...
2025-03-31 11:01:50,442 - INFO - Pip upgrade completed successfully
2025-03-31 11:01:50,442 - INFO - Installing requirements...
2025-03-31 11:01:52,104 - INFO - Requirements installation completed successfully
2025-03-31 11:01:52,106 - INFO - Setup completed successfully!
2025-03-31 11:02:02,148 - INFO - Warning: Running without administrator privileges. Some operations may fail.
2025-03-31 11:02:03,762 - INFO - Upgrading pip...
2025-03-31 11:02:03,762 - INFO - Upgrading pip...
2025-03-31 11:02:05,511 - INFO - Pip upgrade completed successfully
2025-03-31 11:02:05,511 - INFO - Installing requirements...
2025-03-31 11:02:07,209 - INFO - Requirements installation completed successfully
2025-03-31 11:02:07,209 - INFO - Setup completed successfully!
2025-03-31 11:02:30,057 - INFO - Warning: Running without administrator privileges. Some operations may fail.
2025-03-31 11:02:33,619 - INFO - Upgrading pip...
2025-03-31 11:02:33,635 - INFO - Upgrading pip...
2025-03-31 11:02:35,468 - INFO - Pip upgrade completed successfully
2025-03-31 11:02:35,468 - INFO - Installing requirements...
2025-03-31 11:02:37,099 - INFO - Requirements installation completed successfully
2025-03-31 11:02:37,099 - INFO - Setup completed successfully!
2025-03-31 11:02:51,970 - INFO - Warning: Running without administrator privileges. Some operations may fail.
2025-03-31 11:02:53,883 - INFO - Upgrading pip...
2025-03-31 11:02:53,883 - INFO - Upgrading pip...
2025-03-31 11:02:55,616 - INFO - Pip upgrade completed successfully
2025-03-31 11:02:55,616 - INFO - Installing requirements...
2025-03-31 11:02:57,264 - INFO - Requirements installation completed successfully
2025-03-31 11:02:57,264 - INFO - Setup completed successfully!
2025-03-31 11:03:44,500 - INFO - Warning: Running without administrator privileges. Some operations may fail.
2025-03-31 11:03:46,434 - INFO - Upgrading pip...
2025-03-31 11:03:46,452 - INFO - Upgrading pip...
2025-03-31 11:03:48,167 - INFO - Pip upgrade completed successfully
2025-03-31 11:03:48,167 - INFO - Installing requirements...
2025-03-31 11:03:49,816 - INFO - Requirements installation completed successfully
2025-03-31 11:03:49,816 - INFO - Setup completed successfully!
2025-03-31 11:04:02,394 - INFO - Warning: Running without administrator privileges. Some operations may fail.
2025-03-31 11:04:04,152 - INFO - Upgrading pip...
2025-03-31 11:04:04,170 - INFO - Upgrading pip...
2025-03-31 11:04:05,894 - INFO - Pip upgrade completed successfully
2025-03-31 11:04:05,894 - INFO - Installing requirements...
2025-03-31 11:04:07,535 - INFO - Requirements installation completed successfully
2025-03-31 11:04:07,535 - INFO - Setup completed successfully!
2025-03-31 11:06:01,833 - INFO - Warning: Running without administrator privileges. Some operations may fail.
2025-03-31 11:06:03,515 - INFO - Upgrading pip...
2025-03-31 11:06:03,522 - INFO - Upgrading pip...
2025-03-31 11:06:05,580 - INFO - Pip upgrade completed successfully
2025-03-31 11:06:05,582 - INFO - Installing requirements...
2025-03-31 11:06:07,508 - INFO - Requirements installation completed successfully
2025-03-31 11:06:07,511 - INFO - Setup completed successfully!
2025-03-31 11:09:21,664 - INFO - Warning: Running without administrator privileges. Some operations may fail.
2025-03-31 11:09:23,250 - INFO - Upgrading pip...
2025-03-31 11:09:23,265 - INFO - Upgrading pip...
2025-03-31 11:09:25,072 - INFO - Pip upgrade completed successfully
2025-03-31 11:09:25,073 - INFO - Installing requirements...
2025-03-31 11:09:26,751 - INFO - Requirements installation completed successfully
2025-03-31 11:09:26,752 - INFO - Setup completed successfully!
2025-03-31 11:10:23,398 - INFO - Warning: Running without administrator privileges. Some operations may fail.
2025-03-31 11:10:25,033 - INFO - Upgrading pip...
2025-03-31 11:10:25,040 - INFO - Upgrading pip...
2025-03-31 11:10:26,665 - INFO - Pip upgrade completed successfully
2025-03-31 11:10:26,665 - INFO - Installing requirements...
2025-03-31 11:10:28,228 - INFO - Requirements installation completed successfully
2025-03-31 11:10:28,228 - INFO - Setup completed successfully!
2025-03-31 11:13:32,473 - INFO - Warning: Running without administrator privileges. Some operations may fail.
2025-03-31 11:13:34,110 - INFO - Upgrading pip...
2025-03-31 11:13:34,110 - INFO - Upgrading pip...
2025-03-31 11:13:35,889 - INFO - Pip upgrade completed successfully
2025-03-31 11:13:35,895 - INFO - Installing requirements...
2025-03-31 11:13:37,533 - INFO - Requirements installation completed successfully
2025-03-31 11:13:37,533 - INFO - Setup completed successfully!
2025-03-31 11:14:06,028 - INFO - Warning: Running without administrator privileges. Some operations may fail.
2025-03-31 11:14:07,728 - INFO - Upgrading pip...
2025-03-31 11:14:07,740 - INFO - Upgrading pip...
2025-03-31 11:14:09,302 - INFO - Pip upgrade completed successfully
2025-03-31 11:14:09,302 - INFO - Installing requirements...
2025-03-31 11:14:10,828 - INFO - Requirements installation completed successfully
2025-03-31 11:14:10,828 - INFO - Setup completed successfully!
2025-03-31 11:16:52,232 - INFO - Warning: Running without administrator privileges. Some operations may fail.
2025-03-31 11:16:54,111 - INFO - Upgrading pip...
2025-03-31 11:16:54,126 - INFO - Upgrading pip...
2025-03-31 11:16:55,779 - INFO - Pip upgrade completed successfully
2025-03-31 11:16:55,779 - INFO - Installing requirements...
2025-03-31 11:16:57,346 - INFO - Requirements installation completed successfully
2025-03-31 11:16:57,350 - INFO - Setup completed successfully!
2025-03-31 11:31:21,966 - INFO - Warning: Running without administrator privileges. Some operations may fail.
2025-03-31 11:31:23,872 - INFO - Upgrading pip...
2025-03-31 11:31:23,883 - INFO - Upgrading pip...
2025-03-31 11:31:25,670 - INFO - Pip upgrade completed successfully
2025-03-31 11:31:25,670 - INFO - Installing requirements...
2025-03-31 11:31:27,338 - INFO - Requirements installation completed successfully
2025-03-31 11:31:27,338 - INFO - Setup completed successfully!
2025-03-31 11:34:49,874 - INFO - Warning: Running without administrator privileges. Some operations may fail.
2025-03-31 11:34:51,282 - INFO - Upgrading pip...
2025-03-31 11:34:51,301 - INFO - Upgrading pip...
2025-03-31 11:34:52,903 - INFO - Pip upgrade completed successfully
2025-03-31 11:34:52,903 - INFO - Installing requirements...
2025-03-31 11:34:54,427 - INFO - Requirements installation completed successfully
2025-03-31 11:34:54,427 - INFO - Setup completed successfully!
2025-03-31 11:38:27,565 - INFO - Warning: Running without administrator privileges. Some operations may fail.
2025-03-31 11:38:29,410 - INFO - Upgrading pip...
2025-03-31 11:38:29,425 - INFO - Upgrading pip...
2025-03-31 11:38:31,045 - INFO - Pip upgrade completed successfully
2025-03-31 11:38:31,045 - INFO - Installing requirements...
2025-03-31 11:38:32,602 - INFO - Requirements installation completed successfully
2025-03-31 11:38:32,602 - INFO - Setup completed successfully!
